  소스.cpp
C:\Users\jiho9\OneDrive\바탕 화면\Subject\VisualProgramming\시험대비4\소스.cpp(53,13): warning C4244: 'return': 'double'에서 'float'(으)로 변환하면서 데이터가 손실될 수 있습니다.
C:\Users\jiho9\OneDrive\바탕 화면\Subject\VisualProgramming\시험대비4\소스.cpp(81,3): error C3861: 'ItemGenerator': 식별자를 찾을 수 없습니다.
C:\Users\jiho9\OneDrive\바탕 화면\Subject\VisualProgramming\시험대비4\소스.cpp(86,3): error C2065: 'hdc': 선언되지 않은 식별자입니다.
C:\Users\jiho9\OneDrive\바탕 화면\Subject\VisualProgramming\시험대비4\소스.cpp(86,27): error C2065: 'ps': 선언되지 않은 식별자입니다.
C:\Users\jiho9\OneDrive\바탕 화면\Subject\VisualProgramming\시험대비4\소스.cpp(87,12): error C2065: 'hdc': 선언되지 않은 식별자입니다.
C:\Users\jiho9\OneDrive\바탕 화면\Subject\VisualProgramming\시험대비4\소스.cpp(87,3): error C3861: 'DrawItem': 식별자를 찾을 수 없습니다.
C:\Users\jiho9\OneDrive\바탕 화면\Subject\VisualProgramming\시험대비4\소스.cpp(89,11): error C2065: 'hdc': 선언되지 않은 식별자입니다.
C:\Users\jiho9\OneDrive\바탕 화면\Subject\VisualProgramming\시험대비4\소스.cpp(89,42): error C2146: 구문 오류: ')'이(가) 'startX' 식별자 앞에 없습니다.
C:\Users\jiho9\OneDrive\바탕 화면\Subject\VisualProgramming\시험대비4\소스.cpp(89,42): error C2146: 구문 오류: ';'이(가) 'startX' 식별자 앞에 없습니다.
C:\Users\jiho9\OneDrive\바탕 화면\Subject\VisualProgramming\시험대비4\소스.cpp(89,66): error C2059: 구문 오류: ')'
C:\Users\jiho9\OneDrive\바탕 화면\Subject\VisualProgramming\시험대비4\소스.cpp(90,19): error C2065: 'ps': 선언되지 않은 식별자입니다.
C:\Users\jiho9\OneDrive\바탕 화면\Subject\VisualProgramming\시험대비4\소스.cpp(94,3): error C2065: 'mx': 선언되지 않은 식별자입니다.
C:\Users\jiho9\OneDrive\바탕 화면\Subject\VisualProgramming\시험대비4\소스.cpp(95,3): error C2065: 'my': 선언되지 않은 식별자입니다.
C:\Users\jiho9\OneDrive\바탕 화면\Subject\VisualProgramming\시험대비4\소스.cpp(96,32): error C2065: 'mx': 선언되지 않은 식별자입니다.
C:\Users\jiho9\OneDrive\바탕 화면\Subject\VisualProgramming\시험대비4\소스.cpp(96,36): error C2065: 'my': 선언되지 않은 식별자입니다.
C:\Users\jiho9\OneDrive\바탕 화면\Subject\VisualProgramming\시험대비4\소스.cpp(97,4): error C2065: 'Selection': 선언되지 않은 식별자입니다.
C:\Users\jiho9\OneDrive\바탕 화면\Subject\VisualProgramming\시험대비4\소스.cpp(102,3): error C2065: 'Selection': 선언되지 않은 식별자입니다.
C:\Users\jiho9\OneDrive\바탕 화면\Subject\VisualProgramming\시험대비4\소스.cpp(109,3): error C2065: 'hdc': 선언되지 않은 식별자입니다.
C:\Users\jiho9\OneDrive\바탕 화면\Subject\VisualProgramming\시험대비4\소스.cpp(110,7): error C2065: 'Selection': 선언되지 않은 식별자입니다.
C:\Users\jiho9\OneDrive\바탕 화면\Subject\VisualProgramming\시험대비4\소스.cpp(113,32): error C2065: 'hdc': 선언되지 않은 식별자입니다.
C:\Users\jiho9\OneDrive\바탕 화면\Subject\VisualProgramming\시험대비4\소스.cpp(114,36): error C2065: 'hdc': 선언되지 않은 식별자입니다.
C:\Users\jiho9\OneDrive\바탕 화면\Subject\VisualProgramming\시험대비4\소스.cpp(114,75): error C2143: 구문 오류: ')'이(가) ';' 앞에 없습니다.
C:\Users\jiho9\OneDrive\바탕 화면\Subject\VisualProgramming\시험대비4\소스.cpp(116,4): error C2065: 'mx': 선언되지 않은 식별자입니다.
C:\Users\jiho9\OneDrive\바탕 화면\Subject\VisualProgramming\시험대비4\소스.cpp(117,4): error C2065: 'my': 선언되지 않은 식별자입니다.
C:\Users\jiho9\OneDrive\바탕 화면\Subject\VisualProgramming\시험대비4\소스.cpp(119,23): error C2065: 'mx': 선언되지 않은 식별자입니다.
C:\Users\jiho9\OneDrive\바탕 화면\Subject\VisualProgramming\시험대비4\소스.cpp(119,27): error C2065: 'my': 선언되지 않은 식별자입니다.
C:\Users\jiho9\OneDrive\바탕 화면\Subject\VisualProgramming\시험대비4\소스.cpp(119,8): error C3861: 'CheckCollision': 식별자를 찾을 수 없습니다.
C:\Users\jiho9\OneDrive\바탕 화면\Subject\VisualProgramming\시험대비4\소스.cpp(123,12): error C2065: 'hdc': 선언되지 않은 식별자입니다.
C:\Users\jiho9\OneDrive\바탕 화면\Subject\VisualProgramming\시험대비4\소스.cpp(124,12): error C2065: 'hdc': 선언되지 않은 식별자입니다.
C:\Users\jiho9\OneDrive\바탕 화면\Subject\VisualProgramming\시험대비4\소스.cpp(125,12): error C2065: 'hdc': 선언되지 않은 식별자입니다.
C:\Users\jiho9\OneDrive\바탕 화면\Subject\VisualProgramming\시험대비4\소스.cpp(125,17): error C2065: 'mx': 선언되지 않은 식별자입니다.
C:\Users\jiho9\OneDrive\바탕 화면\Subject\VisualProgramming\시험대비4\소스.cpp(125,26): error C2065: 'my': 선언되지 않은 식별자입니다.
C:\Users\jiho9\OneDrive\바탕 화면\Subject\VisualProgramming\시험대비4\소스.cpp(125,35): error C2065: 'mx': 선언되지 않은 식별자입니다.
C:\Users\jiho9\OneDrive\바탕 화면\Subject\VisualProgramming\시험대비4\소스.cpp(125,44): error C2065: 'my': 선언되지 않은 식별자입니다.
C:\Users\jiho9\OneDrive\바탕 화면\Subject\VisualProgramming\시험대비4\소스.cpp(127,17): error C2065: 'hdc': 선언되지 않은 식별자입니다.
C:\Users\jiho9\OneDrive\바탕 화면\Subject\VisualProgramming\시험대비4\소스.cpp(128,17): error C2065: 'hdc': 선언되지 않은 식별자입니다.
C:\Users\jiho9\OneDrive\바탕 화면\Subject\VisualProgramming\시험대비4\소스.cpp(129,13): error C2065: 'mx': 선언되지 않은 식별자입니다.
C:\Users\jiho9\OneDrive\바탕 화면\Subject\VisualProgramming\시험대비4\소스.cpp(130,13): error C2065: 'my': 선언되지 않은 식별자입니다.
C:\Users\jiho9\OneDrive\바탕 화면\Subject\VisualProgramming\시험대비4\소스.cpp(132,19): error C2065: 'hdc': 선언되지 않은 식별자입니다.
C:\Users\jiho9\OneDrive\바탕 화면\Subject\VisualProgramming\시험대비4\소스.cpp(133,24): error C2065: 'rect': 선언되지 않은 식별자입니다.
C:\Users\jiho9\OneDrive\바탕 화면\Subject\VisualProgramming\시험대비4\소스.cpp(134,32): error C2065: 'rect': 선언되지 않은 식별자입니다.
C:\Users\jiho9\OneDrive\바탕 화면\Subject\VisualProgramming\시험대비4\소스.cpp(134,44): error C2065: 'rect': 선언되지 않은 식별자입니다.
C:\Users\jiho9\OneDrive\바탕 화면\Subject\VisualProgramming\시험대비4\소스.cpp(134,6): error C2660: 'InCircle': 함수는 2개의 인수를 사용하지 않습니다.
C:\Users\jiho9\OneDrive\바탕 화면\Subject\VisualProgramming\시험대비4\소스.cpp(56,6): message : 'InCircle' 선언을 참조하십시오.
C:\Users\jiho9\OneDrive\바탕 화면\Subject\VisualProgramming\시험대비4\소스.cpp(135,4): error C3861: 'Finish': 식별자를 찾을 수 없습니다.
